#
# There is insufficient memory for the Java Runtime Environment to continue.
# Native memory allocation (mmap) failed to map 58720256 bytes for Failed to commit area from 0x00000000c8c00000 to 0x00000000cc400000 of length 58720256.
# Possible reasons:
#   The system is out of physical RAM or swap space
#   The process is running with CompressedOops enabled, and the Java Heap may be blocking the growth of the native heap
# Possible solutions:
#   Reduce memory load on the system
#   Increase physical memory or swap space
#   Check if swap backing store is full
#   Decrease Java heap size (-Xmx/-Xms)
#   Decrease number of Java threads
#   Decrease Java thread stack sizes (-Xss)
#   Set larger code cache with -XX:ReservedCodeCacheSize=
# This output file may be truncated or incomplete.
#
#  Out of Memory Error (t:/workspace/hotspot/src/os/windows/vm/os_windows.cpp:3357), pid=2344, tid=4952
#
# JRE version:  (9.0+11) (build )
# Java VM: Java HotSpot(TM) 64-Bit Server VM (9.0.4+11, mixed mode, tiered, compressed oops, g1 gc, windows-amd64)
# No core dump will be written. Minidumps are not enabled by default on client versions of Windows
#

---------------  S U M M A R Y ------------

Command Line: -javaagent:D:\IntelliJ IDEA 2017.3.4\lib\idea_rt.jar=52896:D:\IntelliJ IDEA 2017.3.4\bin -Dfile.encoding=UTF-8 by.belstu.it.loban.basejava.JavaTest

Host: AMD E1-2500 APU with Radeon(TM) HD Graphics    , 2 cores, 3G,  Windows 10 , 64 bit Build 14393 (10.0.14393.1198)
Time: Fri Mar 02 14:08:14 2018 RTZ 2 (ceia) elapsed time: 1 seconds (0d 0h 0m 1s)

---------------  T H R E A D  ---------------

Current thread (0x0000021f1cf8c000):  JavaThread "Unknown thread" [_thread_in_vm, id=4952, stack(0x000000c7b9000000,0x000000c7b9100000)]

Stack: [0x000000c7b9000000,0x000000c7b9100000]
Native frames: (J=compiled Java code, j=interpreted, Vv=VM code, C=native code)
V  [jvm.dll+0x587068]
V  [jvm.dll+0x69c25e]
V  [jvm.dll+0x69d17a]
V  [jvm.dll+0x69d7b3]
V  [jvm.dll+0x21d198]
V  [jvm.dll+0x584bb4]
V  [jvm.dll+0x57a095]
V  [jvm.dll+0x2cd67b]
V  [jvm.dll+0x2cd5e3]
V  [jvm.dll+0x2cd4b2]
V  [jvm.dll+0x2cf4b3]
V  [jvm.dll+0x3191e3]
V  [jvm.dll+0x3198f6]
V  [jvm.dll+0x3192e3]
V  [jvm.dll+0x2adeb8]
V  [jvm.dll+0x2af0e7]
V  [jvm.dll+0x67b34d]
V  [jvm.dll+0x67c70c]
V  [jvm.dll+0x3269c9]
V  [jvm.dll+0x66555e]
V  [jvm.dll+0x391811]
V  [jvm.dll+0x3937c1]
C  [java.exe+0x34f1]
C  [java.exe+0xe24f]
C  [java.exe+0xe3f6]
C  [KERNEL32.DLL+0x8364]
C  [ntdll.dll+0x67091]


---------------  P R O C E S S  ---------------

Java Threads: ( => current thread )

Other Threads:
  0x0000021f1cfa4000 GCTaskThread "GC Thread#0" [stack: 0x000000c7b9100000,0x000000c7b9200000] [id=2788]
  0x0000021f1cfa5800 GCTaskThread "GC Thread#1" [stack: 0x000000c7b9200000,0x000000c7b9300000] [id=8644]
  0x0000021f1cfdd000 ConcurrentGCThread "G1 Main Marker" [stack: 0x000000c7b9600000,0x000000c7b9700000] [id=676]
  0x0000021f1cfdf800 ConcurrentGCThread "G1 Marker#0" [stack: 0x000000c7b9700000,0x000000c7b9800000] [id=6692]
  0x0000021f1cfa9800 ConcurrentGCThread "G1 Refine#0" [stack: 0x000000c7b9400000,0x000000c7b9500000] [id=3636]
  0x0000021f1cfa8000 ConcurrentGCThread "G1 Refine#1" [stack: 0x000000c7b9300000,0x000000c7b9400000] [id=4872]
  0x0000021f1cfaa800 ConcurrentGCThread "G1 Young RemSet Sampling" [stack: 0x000000c7b9500000,0x000000c7b9600000] [id=9132]

=>0x0000021f1cf8c000 (exited) JavaThread "Unknown thread" [_thread_in_vm, id=4952, stack(0x000000c7b9000000,0x000000c7b9100000)]

Threads with active compile tasks:

VM state:not at safepoint (not fully initialized)

VM Mutex/Monitor currently owned by a thread:  ([mutex/lock_event])
[0x0000021f1cf8b150] Heap_lock - owner thread: 0x0000021f1cf8c000

Heap address: 0x00000000c8c00000, size: 884 MB, Compressed Oops mode: Non-zero based: 0x00000000c8c00000
Narrow klass base: 0x0000000000000000, Narrow klass shift: 0

GC Heap History (0 events):
No events

Deoptimization events (0 events):
No events

Classes redefined (0 events):
No events

Internal exceptions (0 events):
No events

Events (0 events):
No events


Dynamic libraries:
0x00007ff717380000 - 0x00007ff7173be000 	C:\Program Files\Java\jdk-9.0.4\bin\java.exe
0x00007ffa26af0000 - 0x00007ffa26cc2000 	C:\Windows\SYSTEM32\ntdll.dll
0x00007ffa25310000 - 0x00007ffa253bc000 	C:\Windows\System32\KERNEL32.DLL
0x00007ffa23e60000 - 0x00007ffa2407d000 	C:\Windows\System32\KERNELBASE.dll
0x00007ffa24400000 - 0x00007ffa244a2000 	C:\Windows\System32\ADVAPI32.dll
0x00007ffa244b0000 - 0x00007ffa2454e000 	C:\Windows\System32\msvcrt.dll
0x00007ffa249e0000 - 0x00007ffa24a39000 	C:\Windows\System32\sechost.dll
0x00007ffa242d0000 - 0x00007ffa243f1000 	C:\Windows\System32\RPCRT4.dll
0x00007ffa24aa0000 - 0x00007ffa24c05000 	C:\Windows\System32\USER32.dll
0x00007ffa22ff0000 - 0x00007ffa2300e000 	C:\Windows\System32\win32u.dll
0x00007ffa253c0000 - 0x00007ffa253f4000 	C:\Windows\System32\GDI32.dll
0x00007ffa23010000 - 0x00007ffa23190000 	C:\Windows\System32\gdi32full.dll
0x00007ffa185a0000 - 0x00007ffa1881a000 	C:\Windows\WinSxS\amd64_microsoft.windows.common-controls_6595b64144ccf1df_6.0.14393.953_none_42151e83c686086b\COMCTL32.dll
0x00007ffa25040000 - 0x00007ffa25308000 	C:\Windows\System32\combase.dll
0x00007ffa23d60000 - 0x00007ffa23e55000 	C:\Windows\System32\ucrtbase.dll
0x00007ffa23cf0000 - 0x00007ffa23d5a000 	C:\Windows\System32\bcryptPrimitives.dll
0x00007ffa1fcc0000 - 0x00007ffa1fcca000 	C:\Windows\SYSTEM32\VERSION.dll
0x00007ffa26a60000 - 0x00007ffa26a8e000 	C:\Windows\System32\IMM32.DLL
0x00007ff9ea830000 - 0x00007ff9ea91f000 	C:\Program Files\Java\jdk-9.0.4\bin\msvcr120.dll
0x00007ff9eb2b0000 - 0x00007ff9eb356000 	C:\Program Files\Java\jdk-9.0.4\bin\msvcp120.dll
0x00000000775d0000 - 0x0000000077ff5000 	C:\Program Files\Java\jdk-9.0.4\bin\server\jvm.dll
0x00007ffa24850000 - 0x00007ffa24858000 	C:\Windows\System32\PSAPI.DLL
0x00007ffa18450000 - 0x00007ffa18459000 	C:\Windows\SYSTEM32\WSOCK32.dll
0x00007ffa25400000 - 0x00007ffa2546a000 	C:\Windows\System32\WS2_32.dll
0x00007ffa214c0000 - 0x00007ffa214e3000 	C:\Windows\SYSTEM32\WINMM.dll
0x00007ffa21490000 - 0x00007ffa214bb000 	C:\Windows\SYSTEM32\WINMMBASE.dll
0x00007ffa23ca0000 - 0x00007ffa23ce2000 	C:\Windows\System32\cfgmgr32.dll
0x00007ffa21530000 - 0x00007ffa2153f000 	C:\Program Files\Java\jdk-9.0.4\bin\verify.dll
0x00007ffa1c4e0000 - 0x00007ffa1c507000 	C:\Program Files\Java\jdk-9.0.4\bin\java.dll
0x00007ffa1bbd0000 - 0x00007ffa1bbfa000 	C:\Program Files\Java\jdk-9.0.4\bin\instrument.dll
0x00007ffa1bbb0000 - 0x00007ffa1bbc6000 	C:\Program Files\Java\jdk-9.0.4\bin\zip.dll
0x00007ffa20bf0000 - 0x00007ffa20bfa000 	C:\Program Files\Java\jdk-9.0.4\bin\jimage.dll
0x00007ffa13bb0000 - 0x00007ffa13d42000 	C:\Windows\SYSTEM32\dbghelp.dll

VM Arguments:
jvm_args: -javaagent:D:\IntelliJ IDEA 2017.3.4\lib\idea_rt.jar=52896:D:\IntelliJ IDEA 2017.3.4\bin -Dfile.encoding=UTF-8 
java_command: by.belstu.it.loban.basejava.JavaTest
java_class_path (initial): E:\laba1\out\production\laba1
Launcher Type: SUN_STANDARD

Logging:
Log output configuration:
#0: stdout all=warning uptime,level,tags
#1: stderr all=off uptime,level,tags

Environment Variables:
JAVA_HOME=C:\Program Files\Java\jdk-9.0.4
CLASSPATH=.;
PATH=C:\ProgramData\Oracle\Java\javapath;C:\Windows\system32;C:\Windows;C:\Windows\System32\Wbem;C:\Windows\System32\WindowsPowerShell\v1.0\;C:\Program Files\Microsoft SQL Server\130\Tools\Binn\;C:\Program Files (x86)\Skype\Phone\;C:\Program Files (x86)\Microsoft SQL Server\110\Tools\Binn\;C:\Program Files\Microsoft SQL Server\110\Tools\Binn\;C:\Program Files\Microsoft SQL Server\110\DTS\Binn\;C:\Program Files\Microsoft SQL Server\Client SDK\ODBC\130\Tools\Binn\;C:\Program Files (x86)\Microsoft SQL Server\140\Tools\Binn\;C:\Program Files\Microsoft SQL Server\140\Tools\Binn\;C:\Program Files\Microsoft SQL Server\140\DTS\Binn\;C:\Program Files (x86)\Microsoft SQL Server\Client SDK\ODBC\130\Tools\Binn\;C:\Program Files (x86)\Microsoft SQL Server\140\DTS\Binn\;C:\Program Files (x86)\Microsoft SQL Server\140\Tools\Binn\ManagementStudio\;C:\Program Files\Java\jdk-9.0.4\bin
USERNAME=loban
OS=Windows_NT
PROCESSOR_IDENTIFIER=AMD64 Family 22 Model 0 Stepping 1, AuthenticAMD



---------------  S Y S T E M  ---------------

OS: Windows 10 , 64 bit Build 14393 (10.0.14393.1198)

CPU:total 2 (initial active 2) (2 cores per cpu, 1 threads per core) family 22 model 0 stepping 1, cmov, cx8, fxsr, mmx, sse, sse2, sse3, ssse3, sse4.1, sse4.2, popcnt, avx, aes, clmul, mmxext, 3dnowpref, lzcnt, sse4a, tsc, tscinvbit, tscinv, bmi1

Memory: 4k page, physical 3615088k(669232k free), swap 5712240k(42608k free)

vm_info: Java HotSpot(TM) 64-Bit Server VM (9.0.4+11) for windows-amd64 JRE (9.0.4+11), built on Dec 20 2017 02:18:54 by "mach5one" with MS VC++ 12.0 (VS2013)

END.
